
--3515530--2022-10-20--Ahmed Salih Cezayir
1	0	deneme.txt

--5d7ddfc--2022-10-20--Ahmed Salih Cezayir
0	1	deneme.txt

--58ffc7a--2022-10-20--Ahmed Salih Cezayir
1	0	deneme.txt

--7443457--2022-10-20--Ahmed Salih Cezayir
19	0	folder1/School.py
5	0	folder1/main.py
28	0	folder1/objectX.py
29	0	folder1/objectXX.py

--981c38c--2022-10-20--Ahmed Salih Cezayir
1	0	Student.py

--099caff--2022-10-20--Ahmed Salih Cezayir
1	0	Student.py

--17c3299--2022-10-08--Ahmed Salih Cezayir
11	0	main.py

--6bd3ac2--2022-10-08--Ahmed Salih Cezayir
12	0	Student.py

--bb87ee8--2022-10-08--Ahmed Salih Cezayir
15	0	Person.py
0	15	demo1.py

--89f0a16--2022-10-08--Ahmed Salih Cezayir
15	0	demo1.py

--d4fa81c--2022-10-08--Ahmed Salih Cezayir
0	6	demo.py

--1b4bdb6--2022-10-08--Ahmed Salih Cezayir
0	1	a.txt

--7d65e13--2022-10-06--Ahmed Salih Cezayir
1	0	demo.py

--d8046af--2022-10-06--Ahmed Salih Cezayir
6	0	demo.py

--3423da4--2022-09-22--Ahmed Salih Cezayir
1	0	lele.txt

--fe07927--2022-09-22--Ahmed Salih Cezayir
1	0	baba.txt

--289246a--2022-09-22--Ahmed Salih Cezayir
1	0	a.txt

--da820f4--2022-09-22--Ahmed Salih Cezayir
--0a6c656--2022-09-22--Ahmed Salih Cezayir
1	1	a.txt

--b0906c1--2022-09-22--Ahmed Salih Cezayir
1	0	a.txt

--e87e185--2022-09-22--Ahmed Salih Cezayir
18	0	.github/workflows/main.yml

--21e73ca--2022-09-22--Ahmed Salih Cezayir
16	0	.github/workflows/greetings.yml

--1ece729--2022-09-22--Ahmed Salih Cezayir
1	0	README.md
